<?xml version="1.0" encoding="UTF-8"?>
<!-- Generated by org.testng.reporters.JUnitReportReporter -->
<testsuite hostname="DESKTOP-V1TVAK6" name="org.sample.EdgeA" tests="1" failures="0" timestamp="30 Aug 2023 08:36:55 GMT" time="68.347" errors="0">
  <testcase name="test1" time="68.347" classname="org.sample.EdgeA"/>
</testsuite> <!-- org.sample.EdgeA -->
