<?xml version="1.0" encoding="UTF-8"?>
<!-- Generated by org.testng.reporters.JUnitReportReporter -->
<testsuite hostname="DESKTOP-V1TVAK6" name="org.test.SampleA" tests="3" failures="0" timestamp="6 Sep 2023 10:32:00 GMT" time="0.297" errors="0">
  <testcase name="testA3" time="0.078" classname="org.test.SampleA"/>
  <testcase name="testA2" time="0.000" classname="org.test.SampleA"/>
  <testcase name="testA1" time="0.219" classname="org.test.SampleA"/>
</testsuite> <!-- org.test.SampleA -->
