<?xml version="1.0" encoding="UTF-8"?>
<!-- Generated by org.testng.reporters.JUnitReportReporter -->
<testsuite hostname="DESKTOP-V1TVAK6" name="org.reg.DemoReg" tests="2" failures="0" timestamp="27 Aug 2023 16:28:51 GMT" time="26.021" errors="0">
  <testcase name="test2" time="14.390" classname="org.reg.DemoReg"/>
  <testcase name="test1" time="11.631" classname="org.reg.DemoReg"/>
</testsuite> <!-- org.reg.DemoReg -->
