<?xml version="1.0" encoding="UTF-8"?>
<!-- Generated by org.testng.reporters.JUnitReportReporter -->
<testsuite hostname="DESKTOP-V1TVAK6" name="org.test.SampleC" tests="3" failures="0" timestamp="6 Sep 2023 10:19:32 GMT" time="1.050" errors="0">
  <testcase name="testC1" time="0.690" classname="org.test.SampleC"/>
  <testcase name="testC3" time="0.344" classname="org.test.SampleC"/>
  <testcase name="testC2" time="0.016" classname="org.test.SampleC"/>
</testsuite> <!-- org.test.SampleC -->
