<?xml version="1.0" encoding="UTF-8"?>
<!-- Generated by org.testng.reporters.JUnitReportReporter -->
<testsuite hostname="DESKTOP-V1TVAK6" name="org.sample.Testingssss" tests="6" failures="0" timestamp="1 Sep 2023 08:39:45 GMT" time="0.218" errors="0">
  <testcase name="test8" time="0.015" classname="org.sample.Testingssss"/>
  <testcase name="test1" time="0.188" classname="org.sample.Testingssss"/>
  <testcase name="test3" time="0.000" classname="org.sample.Testingssss"/>
  <testcase name="test7" time="0.000" classname="org.sample.Testingssss"/>
  <testcase name="test4" time="0.000" classname="org.sample.Testingssss"/>
  <testcase name="test2" time="0.015" classname="org.sample.Testingssss"/>
</testsuite> <!-- org.sample.Testingssss -->
