<?xml version="1.0" encoding="UTF-8"?>
<!-- Generated by org.testng.reporters.JUnitReportReporter -->
<testsuite hostname="DESKTOP-V1TVAK6" name="org.test.SampleB" tests="3" failures="0" timestamp="6 Sep 2023 10:32:00 GMT" time="0.329" errors="0">
  <testcase name="testB1" time="0.313" classname="org.test.SampleB"/>
  <testcase name="testB3" time="0.016" classname="org.test.SampleB"/>
  <testcase name="testB2" time="0.000" classname="org.test.SampleB"/>
</testsuite> <!-- org.test.SampleB -->
